Tecplot 2018.1.2.87862 Batch Log
ACTION: LoadAddOn
ACTION: LoadAddOn
ACTION: LoadAddOn
ACTION: LoadAddOn
ACTION: LoadAddOn
ACTION: LoadAddOn
ACTION: LoadAddOn
ACTION: LoadAddOn
ACTION: LoadAddOn
ACTION: LoadAddOn
ACTION: LoadAddOn
ACTION: LoadAddOn
ACTION: LoadAddOn
ACTION: LoadAddOn
ACTION: LoadAddOn
ACTION: LoadAddOn
ACTION: LoadAddOn
ACTION: LoadAddOn
ACTION: LoadAddOn
ACTION: LoadAddOn
ACTION: LoadAddOn
ACTION: LoadAddOn
ACTION: LoadAddOn
ACTION: LoadAddOn
ACTION: LoadAddOn
ACTION: LoadAddOn
ACTION: LoadAddOn
ACTION: LoadAddOn
ACTION: LoadAddOn
ACTION: LoadAddOn
ACTION: LoadAddOn
ACTION: LoadAddOn
ACTION: LoadAddOn
ACTION: LoadAddOn
ACTION: LoadAddOn
ACTION: LoadAddOn
ACTION: LoadAddOn
ACTION: LoadAddOn
ACTION: NewLayout
ACTION: ReadDataSet: "C:\Users\David\OneDrive - polymtl.ca\Poly\2019-HIV\AER8875\Python\aerodynamic_file.dat"
ACTION: ReadDataSet: "C:\Users\David\OneDrive - polymtl.ca\Poly\2019-HIV\AER8875\Python\surface_flow_solution.plt"
ACTION: CreateSliceZoneFromPlane
ACTION: DeleteLineMaps
ACTION: CreateLineMap
ACTION: View: Fit
ACTION: Export
ACTION: ReadDataSet: "C:\Users\David\OneDrive - polymtl.ca\Poly\2019-HIV\AER8875\Python\surface_flow_solution.plt"
ACTION: SetContourVar: CONTOURGROUP=1, NEWVAR=4, LEVELESINITMODE=ResetToNice
ACTION: SetContourVar: CONTOURGROUP=1, NEWVAR=12, LEVELESINITMODE=ResetToNice
ACTION: Export
ACTION: Export
